<?xml version="1.0" encoding="UTF-8"?>
<testsuite xmlns:xsi="http://www.w3.org/2001/XMLSchema-instance" xsi:noNamespaceSchemaLocation="https://maven.apache.org/surefire/maven-surefire-plugin/xsd/surefire-test-report.xsd" name="AppTest" time="44.48" tests="4" errors="0" skipped="0" failures="0">
  <properties>
    <property name="java.specification.version" value="17"/>
    <property name="sun.jnu.encoding" value="UTF-8"/>
    <property name="java.class.path" value="/Users/jinitashah/.m2/repository/org/apache/maven/surefire/surefire-booter/2.22.2/surefire-booter-2.22.2.jar:/Users/jinitashah/.m2/repository/org/apache/maven/surefire/surefire-api/2.22.2/surefire-api-2.22.2.jar:/Users/jinitashah/.m2/repository/org/apache/maven/surefire/surefire-logger-api/2.22.2/surefire-logger-api-2.22.2.jar:/Users/jinitashah/PercySeleniumTestProject/target/test-classes:/Users/jinitashah/PercySeleniumTestProject/target/classes:/Users/jinitashah/.m2/repository/org/junit/jupiter/junit-jupiter-api/5.8.2/junit-jupiter-api-5.8.2.jar:/Users/jinitashah/.m2/repository/org/opentest4j/opentest4j/1.2.0/opentest4j-1.2.0.jar:/Users/jinitashah/.m2/repository/org/junit/platform/junit-platform-commons/1.8.2/junit-platform-commons-1.8.2.jar:/Users/jinitashah/.m2/repository/org/apiguardian/apiguardian-api/1.1.2/apiguardian-api-1.1.2.jar:/Users/jinitashah/.m2/repository/org/junit/jupiter/junit-jupiter-engine/5.8.2/junit-jupiter-engine-5.8.2.jar:/Users/jinitashah/.m2/repository/org/junit/platform/junit-platform-engine/1.8.2/junit-platform-engine-1.8.2.jar:/Users/jinitashah/.m2/repository/org/seleniumhq/selenium/selenium-java/4.1.2/selenium-java-4.1.2.jar:/Users/jinitashah/.m2/repository/org/seleniumhq/selenium/selenium-api/4.1.2/selenium-api-4.1.2.jar:/Users/jinitashah/.m2/repository/org/seleniumhq/selenium/selenium-devtools-v85/4.1.2/selenium-devtools-v85-4.1.2.jar:/Users/jinitashah/.m2/repository/org/seleniumhq/selenium/selenium-devtools-v95/4.1.2/selenium-devtools-v95-4.1.2.jar:/Users/jinitashah/.m2/repository/org/seleniumhq/selenium/selenium-devtools-v96/4.1.2/selenium-devtools-v96-4.1.2.jar:/Users/jinitashah/.m2/repository/org/seleniumhq/selenium/selenium-devtools-v97/4.1.2/selenium-devtools-v97-4.1.2.jar:/Users/jinitashah/.m2/repository/org/seleniumhq/selenium/selenium-edge-driver/4.1.2/selenium-edge-driver-4.1.2.jar:/Users/jinitashah/.m2/repository/org/seleniumhq/selenium/selenium-firefox-driver/4.1.2/selenium-firefox-driver-4.1.2.jar:/Users/jinitashah/.m2/repository/org/seleniumhq/selenium/selenium-firefox-xpi-driver/4.1.2/selenium-firefox-xpi-driver-4.1.2.jar:/Users/jinitashah/.m2/repository/org/seleniumhq/selenium/selenium-ie-driver/4.1.2/selenium-ie-driver-4.1.2.jar:/Users/jinitashah/.m2/repository/org/seleniumhq/selenium/selenium-opera-driver/4.1.2/selenium-opera-driver-4.1.2.jar:/Users/jinitashah/.m2/repository/org/seleniumhq/selenium/selenium-remote-driver/4.1.2/selenium-remote-driver-4.1.2.jar:/Users/jinitashah/.m2/repository/com/beust/jcommander/1.82/jcommander-1.82.jar:/Users/jinitashah/.m2/repository/io/netty/netty-buffer/4.1.73.Final/netty-buffer-4.1.73.Final.jar:/Users/jinitashah/.m2/repository/io/netty/netty-codec-http/4.1.73.Final/netty-codec-http-4.1.73.Final.jar:/Users/jinitashah/.m2/repository/io/netty/netty-codec/4.1.73.Final/netty-codec-4.1.73.Final.jar:/Users/jinitashah/.m2/repository/io/netty/netty-handler/4.1.73.Final/netty-handler-4.1.73.Final.jar:/Users/jinitashah/.m2/repository/io/netty/netty-tcnative-classes/2.0.46.Final/netty-tcnative-classes-2.0.46.Final.jar:/Users/jinitashah/.m2/repository/io/netty/netty-common/4.1.73.Final/netty-common-4.1.73.Final.jar:/Users/jinitashah/.m2/repository/io/netty/netty-transport-classes-epoll/4.1.73.Final/netty-transport-classes-epoll-4.1.73.Final.jar:/Users/jinitashah/.m2/repository/io/netty/netty-transport-classes-kqueue/4.1.73.Final/netty-transport-classes-kqueue-4.1.73.Final.jar:/Users/jinitashah/.m2/repository/io/netty/netty-transport-native-epoll/4.1.73.Final/netty-transport-native-epoll-4.1.73.Final.jar:/Users/jinitashah/.m2/repository/io/netty/netty-transport-native-kqueue/4.1.73.Final/netty-transport-native-kqueue-4.1.73.Final.jar:/Users/jinitashah/.m2/repository/io/netty/netty-transport-native-unix-common/4.1.73.Final/netty-transport-native-unix-common-4.1.73.Final.jar:/Users/jinitashah/.m2/repository/io/netty/netty-transport/4.1.73.Final/netty-transport-4.1.73.Final.jar:/Users/jinitashah/.m2/repository/io/netty/netty-resolver/4.1.73.Final/netty-resolver-4.1.73.Final.jar:/Users/jinitashah/.m2/repository/io/opentelemetry/opentelemetry-api/1.10.1/opentelemetry-api-1.10.1.jar:/Users/jinitashah/.m2/repository/io/opentelemetry/opentelemetry-context/1.10.1/opentelemetry-context-1.10.1.jar:/Users/jinitashah/.m2/repository/io/opentelemetry/opentelemetry-exporter-logging/1.10.1/opentelemetry-exporter-logging-1.10.1.jar:/Users/jinitashah/.m2/repository/io/opentelemetry/opentelemetry-sdk-metrics/1.10.1-alpha/opentelemetry-sdk-metrics-1.10.1-alpha.jar:/Users/jinitashah/.m2/repository/io/opentelemetry/opentelemetry-sdk-logs/1.10.1-alpha/opentelemetry-sdk-logs-1.10.1-alpha.jar:/Users/jinitashah/.m2/repository/io/opentelemetry/opentelemetry-sdk-common/1.10.1/opentelemetry-sdk-common-1.10.1.jar:/Users/jinitashah/.m2/repository/io/opentelemetry/opentelemetry-sdk-extension-autoconfigure-spi/1.10.1/opentelemetry-sdk-extension-autoconfigure-spi-1.10.1.jar:/Users/jinitashah/.m2/repository/io/opentelemetry/opentelemetry-sdk-extension-autoconfigure/1.10.1-alpha/opentelemetry-sdk-extension-autoconfigure-1.10.1-alpha.jar:/Users/jinitashah/.m2/repository/io/opentelemetry/opentelemetry-sdk-trace/1.10.1/opentelemetry-sdk-trace-1.10.1.jar:/Users/jinitashah/.m2/repository/io/opentelemetry/opentelemetry-sdk/1.10.1/opentelemetry-sdk-1.10.1.jar:/Users/jinitashah/.m2/repository/io/opentelemetry/opentelemetry-semconv/1.10.1-alpha/opentelemetry-semconv-1.10.1-alpha.jar:/Users/jinitashah/.m2/repository/io/ous/jtoml/2.0.0/jtoml-2.0.0.jar:/Users/jinitashah/.m2/repository/net/bytebuddy/byte-buddy/1.12.7/byte-buddy-1.12.7.jar:/Users/jinitashah/.m2/repository/org/apache/commons/commons-exec/1.3/commons-exec-1.3.jar:/Users/jinitashah/.m2/repository/org/asynchttpclient/async-http-client/2.12.3/async-http-client-2.12.3.jar:/Users/jinitashah/.m2/repository/org/asynchttpclient/async-http-client-netty-utils/2.12.3/async-http-client-netty-utils-2.12.3.jar:/Users/jinitashah/.m2/repository/io/netty/netty-codec-socks/4.1.60.Final/netty-codec-socks-4.1.60.Final.jar:/Users/jinitashah/.m2/repository/io/netty/netty-handler-proxy/4.1.60.Final/netty-handler-proxy-4.1.60.Final.jar:/Users/jinitashah/.m2/repository/io/netty/netty-transport-native-epoll/4.1.60.Final/netty-transport-native-epoll-4.1.60.Final-linux-x86_64.jar:/Users/jinitashah/.m2/repository/io/netty/netty-transport-native-kqueue/4.1.60.Final/netty-transport-native-kqueue-4.1.60.Final-osx-x86_64.jar:/Users/jinitashah/.m2/repository/org/reactivestreams/reactive-streams/1.0.3/reactive-streams-1.0.3.jar:/Users/jinitashah/.m2/repository/com/typesafe/netty/netty-reactive-streams/2.0.4/netty-reactive-streams-2.0.4.jar:/Users/jinitashah/.m2/repository/org/slf4j/slf4j-api/1.7.30/slf4j-api-1.7.30.jar:/Users/jinitashah/.m2/repository/com/sun/activation/jakarta.activation/1.2.2/jakarta.activation-1.2.2.jar:/Users/jinitashah/.m2/repository/org/seleniumhq/selenium/selenium-http/4.1.2/selenium-http-4.1.2.jar:/Users/jinitashah/.m2/repository/net/jodah/failsafe/2.4.4/failsafe-2.4.4.jar:/Users/jinitashah/.m2/repository/org/seleniumhq/selenium/selenium-safari-driver/4.1.2/selenium-safari-driver-4.1.2.jar:/Users/jinitashah/.m2/repository/org/seleniumhq/selenium/selenium-support/4.1.2/selenium-support-4.1.2.jar:/Users/jinitashah/.m2/repository/org/seleniumhq/selenium/selenium-chrome-driver/4.1.2/selenium-chrome-driver-4.1.2.jar:/Users/jinitashah/.m2/repository/com/google/auto/service/auto-service-annotations/1.0.1/auto-service-annotations-1.0.1.jar:/Users/jinitashah/.m2/repository/com/google/auto/service/auto-service/1.0.1/auto-service-1.0.1.jar:/Users/jinitashah/.m2/repository/com/google/auto/auto-common/1.2/auto-common-1.2.jar:/Users/jinitashah/.m2/repository/com/google/guava/guava/31.0.1-jre/guava-31.0.1-jre.jar:/Users/jinitashah/.m2/repository/com/google/guava/failureaccess/1.0.1/failureaccess-1.0.1.jar:/Users/jinitashah/.m2/repository/com/google/guava/listenablefuture/9999.0-empty-to-avoid-conflict-with-guava/listenablefuture-9999.0-empty-to-avoid-conflict-with-guava.jar:/Users/jinitashah/.m2/repository/com/google/code/findbugs/jsr305/3.0.2/jsr305-3.0.2.jar:/Users/jinitashah/.m2/repository/org/checkerframework/checker-qual/3.12.0/checker-qual-3.12.0.jar:/Users/jinitashah/.m2/repository/com/google/errorprone/error_prone_annotations/2.7.1/error_prone_annotations-2.7.1.jar:/Users/jinitashah/.m2/repository/com/google/j2objc/j2objc-annotations/1.3/j2objc-annotations-1.3.jar:/Users/jinitashah/.m2/repository/org/seleniumhq/selenium/selenium-chromium-driver/4.1.2/selenium-chromium-driver-4.1.2.jar:/Users/jinitashah/.m2/repository/org/seleniumhq/selenium/selenium-json/4.1.2/selenium-json-4.1.2.jar:/Users/jinitashah/.m2/repository/io/percy/percy-java-selenium/1.0.0/percy-java-selenium-1.0.0.jar:/Users/jinitashah/.m2/repository/org/json/json/20210307/json-20210307.jar:/Users/jinitashah/.m2/repository/org/apache/httpcomponents/httpclient/4.5.13/httpclient-4.5.13.jar:/Users/jinitashah/.m2/repository/org/apache/httpcomponents/httpcore/4.4.13/httpcore-4.4.13.jar:/Users/jinitashah/.m2/repository/commons-logging/commons-logging/1.2/commons-logging-1.2.jar:/Users/jinitashah/.m2/repository/commons-codec/commons-codec/1.11/commons-codec-1.11.jar:/Users/jinitashah/.m2/repository/org/apache/maven/surefire/surefire-junit-platform/2.22.2/surefire-junit-platform-2.22.2.jar:/Users/jinitashah/.m2/repository/org/junit/platform/junit-platform-launcher/1.3.1/junit-platform-launcher-1.3.1.jar"/>
    <property name="java.vm.vendor" value="Homebrew"/>
    <property name="sun.arch.data.model" value="64"/>
    <property name="java.vendor.url" value="https://github.com/Homebrew/homebrew-core/issues"/>
    <property name="os.name" value="Mac OS X"/>
    <property name="java.vm.specification.version" value="17"/>
    <property name="sun.java.launcher" value="SUN_STANDARD"/>
    <property name="user.country" value="IN"/>
    <property name="sun.boot.library.path" value="/opt/homebrew/Cellar/openjdk/17.0.1_1/libexec/openjdk.jdk/Contents/Home/lib"/>
    <property name="sun.java.command" value="org.apache.maven.surefire.booter.ForkedBooter /Users/jinitashah/PercySeleniumTestProject/target/surefire 2022-02-07T13-32-26_770-jvmRun1 surefire11235996876754992953tmp surefire_013601266490988875527tmp"/>
    <property name="jdk.debug" value="release"/>
    <property name="test" value="AppTest"/>
    <property name="surefire.test.class.path" value="/Users/jinitashah/PercySeleniumTestProject/target/test-classes:/Users/jinitashah/PercySeleniumTestProject/target/classes:/Users/jinitashah/.m2/repository/org/junit/jupiter/junit-jupiter-api/5.8.2/junit-jupiter-api-5.8.2.jar:/Users/jinitashah/.m2/repository/org/opentest4j/opentest4j/1.2.0/opentest4j-1.2.0.jar:/Users/jinitashah/.m2/repository/org/junit/platform/junit-platform-commons/1.8.2/junit-platform-commons-1.8.2.jar:/Users/jinitashah/.m2/repository/org/apiguardian/apiguardian-api/1.1.2/apiguardian-api-1.1.2.jar:/Users/jinitashah/.m2/repository/org/junit/jupiter/junit-jupiter-engine/5.8.2/junit-jupiter-engine-5.8.2.jar:/Users/jinitashah/.m2/repository/org/junit/platform/junit-platform-engine/1.8.2/junit-platform-engine-1.8.2.jar:/Users/jinitashah/.m2/repository/org/seleniumhq/selenium/selenium-java/4.1.2/selenium-java-4.1.2.jar:/Users/jinitashah/.m2/repository/org/seleniumhq/selenium/selenium-api/4.1.2/selenium-api-4.1.2.jar:/Users/jinitashah/.m2/repository/org/seleniumhq/selenium/selenium-devtools-v85/4.1.2/selenium-devtools-v85-4.1.2.jar:/Users/jinitashah/.m2/repository/org/seleniumhq/selenium/selenium-devtools-v95/4.1.2/selenium-devtools-v95-4.1.2.jar:/Users/jinitashah/.m2/repository/org/seleniumhq/selenium/selenium-devtools-v96/4.1.2/selenium-devtools-v96-4.1.2.jar:/Users/jinitashah/.m2/repository/org/seleniumhq/selenium/selenium-devtools-v97/4.1.2/selenium-devtools-v97-4.1.2.jar:/Users/jinitashah/.m2/repository/org/seleniumhq/selenium/selenium-edge-driver/4.1.2/selenium-edge-driver-4.1.2.jar:/Users/jinitashah/.m2/repository/org/seleniumhq/selenium/selenium-firefox-driver/4.1.2/selenium-firefox-driver-4.1.2.jar:/Users/jinitashah/.m2/repository/org/seleniumhq/selenium/selenium-firefox-xpi-driver/4.1.2/selenium-firefox-xpi-driver-4.1.2.jar:/Users/jinitashah/.m2/repository/org/seleniumhq/selenium/selenium-ie-driver/4.1.2/selenium-ie-driver-4.1.2.jar:/Users/jinitashah/.m2/repository/org/seleniumhq/selenium/selenium-opera-driver/4.1.2/selenium-opera-driver-4.1.2.jar:/Users/jinitashah/.m2/repository/org/seleniumhq/selenium/selenium-remote-driver/4.1.2/selenium-remote-driver-4.1.2.jar:/Users/jinitashah/.m2/repository/com/beust/jcommander/1.82/jcommander-1.82.jar:/Users/jinitashah/.m2/repository/io/netty/netty-buffer/4.1.73.Final/netty-buffer-4.1.73.Final.jar:/Users/jinitashah/.m2/repository/io/netty/netty-codec-http/4.1.73.Final/netty-codec-http-4.1.73.Final.jar:/Users/jinitashah/.m2/repository/io/netty/netty-codec/4.1.73.Final/netty-codec-4.1.73.Final.jar:/Users/jinitashah/.m2/repository/io/netty/netty-handler/4.1.73.Final/netty-handler-4.1.73.Final.jar:/Users/jinitashah/.m2/repository/io/netty/netty-tcnative-classes/2.0.46.Final/netty-tcnative-classes-2.0.46.Final.jar:/Users/jinitashah/.m2/repository/io/netty/netty-common/4.1.73.Final/netty-common-4.1.73.Final.jar:/Users/jinitashah/.m2/repository/io/netty/netty-transport-classes-epoll/4.1.73.Final/netty-transport-classes-epoll-4.1.73.Final.jar:/Users/jinitashah/.m2/repository/io/netty/netty-transport-classes-kqueue/4.1.73.Final/netty-transport-classes-kqueue-4.1.73.Final.jar:/Users/jinitashah/.m2/repository/io/netty/netty-transport-native-epoll/4.1.73.Final/netty-transport-native-epoll-4.1.73.Final.jar:/Users/jinitashah/.m2/repository/io/netty/netty-transport-native-kqueue/4.1.73.Final/netty-transport-native-kqueue-4.1.73.Final.jar:/Users/jinitashah/.m2/repository/io/netty/netty-transport-native-unix-common/4.1.73.Final/netty-transport-native-unix-common-4.1.73.Final.jar:/Users/jinitashah/.m2/repository/io/netty/netty-transport/4.1.73.Final/netty-transport-4.1.73.Final.jar:/Users/jinitashah/.m2/repository/io/netty/netty-resolver/4.1.73.Final/netty-resolver-4.1.73.Final.jar:/Users/jinitashah/.m2/repository/io/opentelemetry/opentelemetry-api/1.10.1/opentelemetry-api-1.10.1.jar:/Users/jinitashah/.m2/repository/io/opentelemetry/opentelemetry-context/1.10.1/opentelemetry-context-1.10.1.jar:/Users/jinitashah/.m2/repository/io/opentelemetry/opentelemetry-exporter-logging/1.10.1/opentelemetry-exporter-logging-1.10.1.jar:/Users/jinitashah/.m2/repository/io/opentelemetry/opentelemetry-sdk-metrics/1.10.1-alpha/opentelemetry-sdk-metrics-1.10.1-alpha.jar:/Users/jinitashah/.m2/repository/io/opentelemetry/opentelemetry-sdk-logs/1.10.1-alpha/opentelemetry-sdk-logs-1.10.1-alpha.jar:/Users/jinitashah/.m2/repository/io/opentelemetry/opentelemetry-sdk-common/1.10.1/opentelemetry-sdk-common-1.10.1.jar:/Users/jinitashah/.m2/repository/io/opentelemetry/opentelemetry-sdk-extension-autoconfigure-spi/1.10.1/opentelemetry-sdk-extension-autoconfigure-spi-1.10.1.jar:/Users/jinitashah/.m2/repository/io/opentelemetry/opentelemetry-sdk-extension-autoconfigure/1.10.1-alpha/opentelemetry-sdk-extension-autoconfigure-1.10.1-alpha.jar:/Users/jinitashah/.m2/repository/io/opentelemetry/opentelemetry-sdk-trace/1.10.1/opentelemetry-sdk-trace-1.10.1.jar:/Users/jinitashah/.m2/repository/io/opentelemetry/opentelemetry-sdk/1.10.1/opentelemetry-sdk-1.10.1.jar:/Users/jinitashah/.m2/repository/io/opentelemetry/opentelemetry-semconv/1.10.1-alpha/opentelemetry-semconv-1.10.1-alpha.jar:/Users/jinitashah/.m2/repository/io/ous/jtoml/2.0.0/jtoml-2.0.0.jar:/Users/jinitashah/.m2/repository/net/bytebuddy/byte-buddy/1.12.7/byte-buddy-1.12.7.jar:/Users/jinitashah/.m2/repository/org/apache/commons/commons-exec/1.3/commons-exec-1.3.jar:/Users/jinitashah/.m2/repository/org/asynchttpclient/async-http-client/2.12.3/async-http-client-2.12.3.jar:/Users/jinitashah/.m2/repository/org/asynchttpclient/async-http-client-netty-utils/2.12.3/async-http-client-netty-utils-2.12.3.jar:/Users/jinitashah/.m2/repository/io/netty/netty-codec-socks/4.1.60.Final/netty-codec-socks-4.1.60.Final.jar:/Users/jinitashah/.m2/repository/io/netty/netty-handler-proxy/4.1.60.Final/netty-handler-proxy-4.1.60.Final.jar:/Users/jinitashah/.m2/repository/io/netty/netty-transport-native-epoll/4.1.60.Final/netty-transport-native-epoll-4.1.60.Final-linux-x86_64.jar:/Users/jinitashah/.m2/repository/io/netty/netty-transport-native-kqueue/4.1.60.Final/netty-transport-native-kqueue-4.1.60.Final-osx-x86_64.jar:/Users/jinitashah/.m2/repository/org/reactivestreams/reactive-streams/1.0.3/reactive-streams-1.0.3.jar:/Users/jinitashah/.m2/repository/com/typesafe/netty/netty-reactive-streams/2.0.4/netty-reactive-streams-2.0.4.jar:/Users/jinitashah/.m2/repository/org/slf4j/slf4j-api/1.7.30/slf4j-api-1.7.30.jar:/Users/jinitashah/.m2/repository/com/sun/activation/jakarta.activation/1.2.2/jakarta.activation-1.2.2.jar:/Users/jinitashah/.m2/repository/org/seleniumhq/selenium/selenium-http/4.1.2/selenium-http-4.1.2.jar:/Users/jinitashah/.m2/repository/net/jodah/failsafe/2.4.4/failsafe-2.4.4.jar:/Users/jinitashah/.m2/repository/org/seleniumhq/selenium/selenium-safari-driver/4.1.2/selenium-safari-driver-4.1.2.jar:/Users/jinitashah/.m2/repository/org/seleniumhq/selenium/selenium-support/4.1.2/selenium-support-4.1.2.jar:/Users/jinitashah/.m2/repository/org/seleniumhq/selenium/selenium-chrome-driver/4.1.2/selenium-chrome-driver-4.1.2.jar:/Users/jinitashah/.m2/repository/com/google/auto/service/auto-service-annotations/1.0.1/auto-service-annotations-1.0.1.jar:/Users/jinitashah/.m2/repository/com/google/auto/service/auto-service/1.0.1/auto-service-1.0.1.jar:/Users/jinitashah/.m2/repository/com/google/auto/auto-common/1.2/auto-common-1.2.jar:/Users/jinitashah/.m2/repository/com/google/guava/guava/31.0.1-jre/guava-31.0.1-jre.jar:/Users/jinitashah/.m2/repository/com/google/guava/failureaccess/1.0.1/failureaccess-1.0.1.jar:/Users/jinitashah/.m2/repository/com/google/guava/listenablefuture/9999.0-empty-to-avoid-conflict-with-guava/listenablefuture-9999.0-empty-to-avoid-conflict-with-guava.jar:/Users/jinitashah/.m2/repository/com/google/code/findbugs/jsr305/3.0.2/jsr305-3.0.2.jar:/Users/jinitashah/.m2/repository/org/checkerframework/checker-qual/3.12.0/checker-qual-3.12.0.jar:/Users/jinitashah/.m2/repository/com/google/errorprone/error_prone_annotations/2.7.1/error_prone_annotations-2.7.1.jar:/Users/jinitashah/.m2/repository/com/google/j2objc/j2objc-annotations/1.3/j2objc-annotations-1.3.jar:/Users/jinitashah/.m2/repository/org/seleniumhq/selenium/selenium-chromium-driver/4.1.2/selenium-chromium-driver-4.1.2.jar:/Users/jinitashah/.m2/repository/org/seleniumhq/selenium/selenium-json/4.1.2/selenium-json-4.1.2.jar:/Users/jinitashah/.m2/repository/io/percy/percy-java-selenium/1.0.0/percy-java-selenium-1.0.0.jar:/Users/jinitashah/.m2/repository/org/json/json/20210307/json-20210307.jar:/Users/jinitashah/.m2/repository/org/apache/httpcomponents/httpclient/4.5.13/httpclient-4.5.13.jar:/Users/jinitashah/.m2/repository/org/apache/httpcomponents/httpcore/4.4.13/httpcore-4.4.13.jar:/Users/jinitashah/.m2/repository/commons-logging/commons-logging/1.2/commons-logging-1.2.jar:/Users/jinitashah/.m2/repository/commons-codec/commons-codec/1.11/commons-codec-1.11.jar:"/>
    <property name="sun.cpu.endian" value="little"/>
    <property name="user.home" value="/Users/jinitashah"/>
    <property name="user.language" value="en"/>
    <property name="java.specification.vendor" value="Oracle Corporation"/>
    <property name="java.version.date" value="2021-10-19"/>
    <property name="java.home" value="/opt/homebrew/Cellar/openjdk/17.0.1_1/libexec/openjdk.jdk/Contents/Home"/>
    <property name="file.separator" value="/"/>
    <property name="basedir" value="/Users/jinitashah/PercySeleniumTestProject"/>
    <property name="java.vm.compressedOopsMode" value="Zero based"/>
    <property name="line.separator" value="&#10;"/>
    <property name="java.vm.specification.vendor" value="Oracle Corporation"/>
    <property name="java.specification.name" value="Java Platform API Specification"/>
    <property name="sun.management.compiler" value="HotSpot 64-Bit Tiered Compilers"/>
    <property name="java.runtime.version" value="17.0.1+1"/>
    <property name="user.name" value="jinitashah"/>
    <property name="path.separator" value=":"/>
    <property name="os.version" value="12.0.1"/>
    <property name="java.runtime.name" value="OpenJDK Runtime Environment"/>
    <property name="file.encoding" value="US-ASCII"/>
    <property name="java.vm.name" value="OpenJDK 64-Bit Server VM"/>
    <property name="java.vendor.version" value="Homebrew"/>
    <property name="localRepository" value="/Users/jinitashah/.m2/repository"/>
    <property name="java.vendor.url.bug" value="https://github.com/Homebrew/homebrew-core/issues"/>
    <property name="java.io.tmpdir" value="/var/folders/6j/5n8q8b7s6gx3f3dd7pv5dwjc0000gn/T/"/>
    <property name="java.version" value="17.0.1"/>
    <property name="user.dir" value="/Users/jinitashah/PercySeleniumTestProject"/>
    <property name="os.arch" value="aarch64"/>
    <property name="java.vm.specification.name" value="Java Virtual Machine Specification"/>
    <property name="native.encoding" value="US-ASCII"/>
    <property name="java.library.path" value="/Users/jinitashah/Library/Java/Extensions:/Library/Java/Extensions:/Network/Library/Java/Extensions:/System/Library/Java/Extensions:/usr/lib/java:."/>
    <property name="java.vm.info" value="mixed mode, sharing"/>
    <property name="java.vendor" value="Homebrew"/>
    <property name="java.vm.version" value="17.0.1+1"/>
    <property name="sun.io.unicode.encoding" value="UnicodeBig"/>
    <property name="java.class.version" value="61.0"/>
  </properties>
  <testcase name="loadsDocsPage" classname="AppTest" time="12.544"/>
  <testcase name="loadsPricingPage" classname="AppTest" time="7.5"/>
  <testcase name="loadsHomePage" classname="AppTest" time="11.788"/>
  <testcase name="loadsAutomatePage" classname="AppTest" time="12.642"/>
</testsuite>